SF:lib/app/features/auth/models/auth_model.dart
DA:2,2
DA:8,2
DA:9,1
DA:12,0
DA:13,0
LF:5
LH:3
end_of_record
SF:lib/app/features/auth/respositories/auth_repository.dart
DA:26,1
DA:30,0
DA:37,0
DA:43,0
DA:44,0
DA:46,0
DA:48,0
DA:50,0
DA:55,1
DA:59,2
DA:64,1
DA:65,1
DA:67,1
DA:69,1
LF:14
LH:7
end_of_record
SF:lib/app/utils/failure.dart
DA:6,36
DA:8,0
DA:9,0
DA:13,36
DA:17,0
DA:21,36
DA:25,8
DA:29,0
DA:33,8
LF:9
LH:5
end_of_record
SF:lib/app/features/auth/data_sources/auth_remote_data_source.dart
DA:27,1
DA:28,1
DA:31,1
DA:35,2
DA:36,3
DA:37,1
DA:43,2
DA:46,1
DA:47,5
DA:49,1
DA:52,2
DA:53,1
DA:54,0
DA:55,0
DA:57,0
DA:60,0
DA:61,0
DA:64,0
DA:68,1
DA:75,2
DA:76,3
DA:77,1
DA:84,2
DA:87,1
DA:88,5
DA:90,1
DA:93,2
DA:94,1
DA:95,0
DA:96,0
DA:98,0
DA:101,0
DA:102,0
DA:105,0
DA:106,0
DA:109,0
LF:36
LH:22
end_of_record
SF:lib/app/features/dictionary/data_sources/dictionary_remote_data_source.dart
DA:17,1
DA:18,1
DA:21,1
DA:23,5
DA:25,2
DA:26,2
DA:28,1
DA:29,5
DA:31,1
DA:34,2
DA:37,0
DA:41,1
DA:45,5
DA:47,2
DA:49,4
DA:50,4
DA:52,5
DA:53,1
DA:55,2
DA:56,1
DA:57,0
DA:58,0
DA:59,0
DA:60,0
DA:62,0
LF:25
LH:19
end_of_record
SF:lib/app/features/dictionary/repositories/dictionary_repository.dart
DA:16,1
DA:20,1
DA:23,2
DA:24,1
DA:25,1
DA:27,1
DA:32,1
DA:35,2
DA:36,1
DA:37,1
DA:39,1
LF:11
LH:11
end_of_record
SF:lib/app/features/search/data_sources/search_remote_data_source.dart
DA:11,1
DA:12,1
DA:15,1
DA:17,2
DA:18,2
DA:20,2
DA:24,2
DA:25,2
DA:27,1
DA:28,5
DA:30,1
DA:33,1
DA:34,1
DA:35,2
DA:36,1
DA:40,0
LF:16
LH:15
end_of_record
SF:lib/app/features/search/repositories/search_repository.dart
DA:18,1
DA:20,1
DA:24,2
DA:25,1
DA:26,1
DA:28,1
LF:6
LH:6
end_of_record
SF:lib/app/features/user_profile/data_sources/user_remote_data_source.dart
DA:11,1
DA:12,1
DA:16,1
DA:18,2
DA:19,3
DA:20,1
DA:21,1
DA:24,1
DA:28,2
DA:30,1
DA:31,5
DA:33,1
DA:36,2
DA:37,1
DA:38,0
DA:39,0
DA:40,0
DA:41,0
DA:42,0
LF:19
LH:14
end_of_record
SF:lib/app/features/user_profile/repositories/user_repositories.dart
DA:16,1
DA:18,1
DA:21,2
DA:22,1
DA:23,1
DA:25,1
LF:6
LH:6
end_of_record
SF:lib/app/utils/services/rest_api_service.dart
DA:9,0
DA:12,0
DA:13,0
DA:14,0
DA:15,0
DA:18,0
DA:21,0
DA:25,0
DA:28,0
DA:33,0
DA:35,0
DA:37,0
DA:38,0
DA:41,0
DA:42,0
DA:43,0
DA:44,0
DA:45,0
DA:47,0
DA:52,0
DA:55,0
DA:57,0
DA:58,0
DA:61,0
DA:63,0
DA:65,0
DA:66,0
DA:69,0
DA:70,0
DA:71,0
DA:72,0
DA:73,0
DA:75,0
DA:76,0
DA:77,0
DA:78,0
DA:81,0
DA:82,0
DA:87,0
DA:89,0
DA:91,0
DA:94,0
DA:96,0
DA:98,0
DA:99,0
DA:102,0
DA:103,0
DA:104,0
DA:105,0
DA:106,0
DA:108,0
DA:110,0
DA:111,0
LF:53
LH:0
end_of_record
SF:lib/app/constants/api.dart
DA:5,6
DA:9,1
DA:10,2
DA:11,1
DA:12,1
DA:15,1
DA:16,1
DA:17,1
DA:20,0
DA:21,0
DA:22,0
DA:23,0
DA:32,0
DA:41,4
DA:51,8
DA:52,8
DA:53,4
DA:54,4
DA:57,0
DA:58,0
DA:59,0
DA:60,0
DA:65,4
DA:75,8
DA:76,4
DA:77,4
DA:78,4
DA:81,0
DA:82,0
DA:83,0
DA:84,0
LF:31
LH:18
end_of_record
SF:lib/app/features/user_profile/models/user_model.dart
DA:7,0
DA:9,0
DA:12,3
DA:24,4
DA:25,2
DA:26,2
DA:27,2
DA:28,2
DA:31,0
DA:32,0
DA:33,0
DA:34,0
DA:35,0
LF:13
LH:6
end_of_record
SF:lib/app/features/dictionary/models/get_all_words_model.dart
DA:4,2
DA:12,1
DA:13,1
DA:14,1
DA:15,5
DA:18,0
DA:19,0
DA:20,0
LF:8
LH:5
end_of_record
SF:lib/app/features/dictionary/models/word_detail.dart
DA:2,2
DA:16,2
DA:17,1
DA:18,1
DA:19,1
DA:20,1
DA:21,1
DA:22,4
DA:26,0
DA:27,0
DA:28,0
DA:29,0
DA:30,0
DA:31,0
LF:14
LH:8
end_of_record
SF:lib/app/features/dictionary/models/word.dart
DA:8,2
DA:10,1
DA:11,1
DA:12,1
DA:13,1
DA:14,1
DA:15,1
DA:16,1
DA:20,0
DA:21,0
DA:22,0
DA:23,0
DA:24,0
DA:25,0
DA:26,0
DA:30,0
DA:31,0
DA:32,0
DA:33,0
DA:34,0
DA:35,0
DA:36,0
DA:40,0
DA:41,0
DA:42,0
DA:43,0
DA:44,0
DA:45,0
DA:46,0
LF:29
LH:8
end_of_record
SF:lib/app/features/search/models/get_recommendation_list_model.dart
DA:8,2
DA:16,1
DA:17,1
DA:18,1
DA:19,1
DA:20,1
DA:21,1
DA:22,3
LF:8
LH:8
end_of_record
SF:lib/app/utils/services/local_storage_service.dart
DA:4,0
DA:7,0
DA:8,0
DA:12,0
DA:13,0
DA:17,0
DA:18,0
LF:7
LH:0
end_of_record
