SF:lib/app/features/auth/respositories/auth_repository.dart
DA:29,1
DA:31,0
DA:37,0
DA:38,0
DA:39,0
DA:43,0
DA:44,0
DA:45,0
DA:52,0
DA:53,0
DA:56,0
DA:58,0
DA:61,0
DA:62,0
DA:64,0
DA:68,0
DA:71,0
DA:72,0
DA:73,0
DA:77,0
DA:78,0
DA:79,0
DA:85,0
DA:86,0
DA:89,0
DA:91,0
DA:94,0
DA:95,0
DA:97,0
DA:98,0
LF:30
LH:1
end_of_record
SF:lib/app/features/search/data_sources/search_remote_data_source.dart
DA:11,1
DA:12,1
DA:15,1
DA:17,2
DA:18,2
DA:20,2
DA:24,2
DA:25,2
DA:27,1
DA:28,5
DA:30,1
DA:33,1
DA:34,1
DA:35,2
DA:36,1
DA:40,1
LF:16
LH:16
end_of_record
SF:lib/app/features/search/repositories/search_repository.dart
DA:19,1
DA:21,1
DA:30,2
DA:49,1
DA:50,1
DA:52,1
LF:6
LH:6
end_of_record
SF:lib/app/utils/services/rest_api_service.dart
DA:9,0
DA:12,0
DA:13,0
DA:14,0
DA:15,0
DA:18,0
DA:21,0
DA:25,0
DA:28,0
DA:33,0
DA:35,0
DA:37,0
DA:38,0
DA:41,0
DA:42,0
DA:43,0
DA:44,0
DA:45,0
DA:47,0
DA:52,0
DA:55,0
DA:57,0
DA:58,0
DA:61,0
DA:63,0
DA:65,0
DA:66,0
DA:69,0
DA:70,0
DA:71,0
DA:72,0
DA:73,0
DA:75,0
DA:76,0
DA:77,0
DA:78,0
DA:81,0
DA:82,0
DA:87,0
DA:89,0
DA:91,0
DA:94,0
DA:96,0
DA:98,0
DA:99,0
DA:102,0
DA:103,0
DA:104,0
DA:105,0
DA:106,0
DA:108,0
DA:110,0
DA:111,0
LF:53
LH:0
end_of_record
SF:lib/app/features/auth/models/auth_model.dart
DA:2,0
DA:8,0
DA:9,0
DA:12,0
DA:13,0
LF:5
LH:0
end_of_record
SF:lib/app/features/user_profile/models/user_model.dart
DA:7,0
DA:9,0
DA:12,0
DA:24,0
DA:25,0
DA:26,0
DA:27,0
DA:28,0
DA:31,0
DA:32,0
DA:33,0
DA:34,0
DA:35,0
LF:13
LH:0
end_of_record
SF:lib/app/utils/failure.dart
DA:6,4
DA:8,0
DA:9,0
DA:13,4
DA:17,0
DA:21,4
LF:6
LH:3
end_of_record
SF:lib/app/constants/api.dart
DA:5,0
DA:9,0
DA:10,0
DA:11,1
DA:12,1
DA:15,0
DA:16,0
DA:17,0
DA:20,0
DA:21,0
DA:22,0
DA:23,0
DA:32,0
DA:41,1
DA:51,2
DA:52,2
DA:53,1
DA:54,1
DA:57,0
DA:58,0
DA:59,0
DA:60,0
DA:65,1
DA:75,2
DA:76,1
DA:77,1
DA:78,1
DA:81,0
DA:82,0
DA:83,0
DA:84,0
LF:31
LH:12
end_of_record
SF:lib/app/features/search/models/get_recommendation_list_model.dart
DA:8,2
DA:16,1
DA:17,1
DA:18,1
DA:19,1
DA:20,1
DA:21,1
DA:22,3
LF:8
LH:8
end_of_record
SF:lib/app/utils/services/local_storage_service.dart
DA:4,0
DA:7,0
DA:8,0
DA:12,0
DA:13,0
DA:17,0
DA:18,0
LF:7
LH:0
end_of_record
